<?xml version="1.0" encoding="UTF-8" ?>
<testsuite errors="0" failures="0" hostname="localhost" name="info.semanticsoftware.lodexporter.LODeXporterTest" tests="6" time="5.384" timestamp="2017-10-03T15:17:41">
  <properties>
    <property name="java.home.ivy.instance" value="/usr/local/durmtools/jdk1.8.0_121/jre" />
    <property name="lodexporter.plugin.dir" value="/home/rene/Repository/github/LODeXporter" />
    <property name="ant.home.ivy.instance" value="/usr/local/durmtools/ant" />
    <property name="java.awt.graphicsenv.ivy.instance" value="sun.awt.X11GraphicsEnvironment" />
    <property name="java.awt.printerjob.ivy.instance" value="sun.print.PSPrinterJob" />
    <property name="env.TERM" value="xterm" />
    <property name="ant.library.dir" value="/usr/local/durmtools/ant/lib" />
    <property name="env.GPG_TTY" value="/dev/pts/14" />
    <property name="ant.core.lib" value="/usr/local/durmtools/ant/lib/ant.jar" />
    <property name="env.XDM_MANAGED" value="method=classic,auto" />
    <property name="java.vm.info.ivy.instance" value="mixed mode" />
    <property name="env.MINICOM" value="-c on" />
    <property name="ivy.report.output.pattern.ivy.instance" value="[organisation]-[module]-[conf].[ext]" />
    <property name="user.dir" value="/home/rene/Repository/github/LODeXporter" />
    <property name="java.vm.version" value="25.121-b13" />
    <property name="env.G_FILENAME_ENCODING" value="@locale,UTF-8,ISO-8859-15,CP1252" />
    <property name="ivy.lib.dir.ivy.instance" value="/home/rene/Repository/github/LODeXporter/lib" />
    <property name="env.AUDIODRIVER" value="pulseaudio" />
    <property name="path.separator.ivy.instance" value=":" />
    <property name="env.HISTSIZE" value="1000" />
    <property name="lib.dir" value="/home/rene/Repository/github/LODeXporter/lib" />
    <property name="env.QT_PLUGIN_PATH" value="/home/rene/.kde4/lib64/kde4/plugins/:/usr/lib64/kde4/plugins/" />
    <property name="java.library.path.ivy.instance" value="/usr/local/durmtools/lib:/home/rene/clac/claclibs:/usr/java/packages/lib/amd64:/usr/lib64:/lib64:/lib:/usr/lib" />
    <property name="ivy.resolve.default.type.filter.ivy.instance" value="*" />
    <property name="env.CVSROOT" value=":ext:rwitte@clac.cs.concordia.ca:/mnt/clac/data/Repository" />
    <property name="java.version.ivy.instance" value="1.8.0_121" />
    <property name="sun.os.patch.level" value="unknown" />
    <property name="ivy.shared.default.root" value="/home/rene/.ivy2/shared" />
    <property name="env.JAVAC" value="/usr/local/durmtools/jdk/bin/javac" />
    <property name="java.vm.specification.name" value="Java Virtual Machine Specification" />
    <property name="ivy.shared.default.artifact.pattern.ivy.instance" value="[organisation]/[module]/[revision]/[type]s/[artifact].[ext]" />
    <property name="env.OSTYPE" value="linux" />
    <property name="file.separator.ivy.instance" value="/" />
    <property name="env.KONSOLE_DBUS_SESSION" value="/Sessions/90" />
    <property name="os.name" value="Linux" />
    <property name="gate.home" value="/usr/local/durmtools/GATE/gate" />
    <property name="ivy.status" value="integration" />
    <property name="env.PROFILEHOME" value="" />
    <property name="plugin.name" value="LODeXporter" />
    <property name="ivy.local.default.ivy.pattern.ivy.instance" value="[organisation]/[module]/[revision]/[type]s/[artifact].[ext]" />
    <property name="env.XDG_DATA_DIRS" value="/usr/share:/usr/share" />
    <property name="ivy.settings.dir.ivy.instance" value="jar:file:/usr/local/durmtools/GATE/gate/build/lib/ivy.jar!/org/apache/ivy/core/settings" />
    <property name="env.JAR" value="/usr/local/durmtools/jdk/bin/jar" />
    <property name="java.vendor.url.bug" value="http://bugreport.sun.com/bugreport/" />
    <property name="env.JAVA_ROOT" value="/usr/lib64/jvm/jre" />
    <property name="os.arch" value="amd64" />
    <property name="user.name" value="rene" />
    <property name="ivy.retrieve.pattern.ivy.instance" value="/home/rene/Repository/github/LODeXporter/lib/[artifact]-[revision](-[classifier]).[ext]" />
    <property name="env.KONSOLE_DBUS_SERVICE" value=":1.89" />
    <property name="sun.java.command" value="org.apache.tools.ant.taskdefs.optional.junit.JUnitTestRunner info.semanticsoftware.lodexporter.LODeXporterTest filtertrace=true haltOnError=false haltOnFailure=false formatter=org.apache.tools.ant.taskdefs.optional.junit.SummaryJUnitResultFormatter showoutput=true outputtoformatters=true logfailedtests=true logtestlistenerevents=false formatter=org.apache.tools.ant.taskdefs.optional.junit.XMLJUnitResultFormatter,/home/rene/Repository/github/LODeXporter/test/reports/TEST-info.semanticsoftware.lodexporter.LODeXporterTest.xml crashfile=/home/rene/Repository/github/LODeXporter/junitvmwatcher5850644696612171883.properties propsfile=/home/rene/Repository/github/LODeXporter/junit5632346375752171659.properties" />
    <property name="env.USER" value="rene" />
    <property name="build.sysclasspath" value="ignore" />
    <property name="env.XDG_SESSION_ID" value="1" />
    <property name="ivy.shared.default.artifact.pattern" value="[organisation]/[module]/[revision]/[type]s/[artifact].[ext]" />
    <property name="env.LOGNAME" value="rene" />
    <property name="sun.arch.data.model.ivy.instance" value="64" />
    <property name="env.GPG_AGENT_INFO" value="/tmp/gpg-r5mUpC/S.gpg-agent:1564:1" />
    <property name="ivy.default.conf.dir" value="jar:file:/usr/local/durmtools/GATE/gate/build/lib/ivy.jar!/org/apache/ivy/core/settings" />
    <property name="doc.dir" value="/home/rene/Repository/github/LODeXporter/doc" />
    <property name="env.KONSOLE_PROFILE_NAME" value="Shell" />
    <property name="user.country" value="US" />
    <property name="env.WINDOWMANAGER" value="/usr/bin/startkde" />
    <property name="env.GWT_HOME" value="/usr/local/durmtools/gwt" />
    <property name="env.GTK_MODULES" value="canberra-gtk-module" />
    <property name="java.vm.specification.version.ivy.instance" value="1.8" />
    <property name="javadoc.dir" value="/home/rene/Repository/github/LODeXporter/doc/javadoc" />
    <property name="env.USE_FAM" value="" />
    <property name="ivy.default.always.check.exact.revision" value="false" />
    <property name="os.name.ivy.instance" value="Linux" />
    <property name="java.endorsed.dirs" value="/usr/local/durmtools/jdk1.8.0_121/jre/lib/endorsed" />
    <property name="java.endorsed.dirs.ivy.instance" value="/usr/local/durmtools/jdk1.8.0_121/jre/lib/endorsed" />
    <property name="env.CSHEDIT" value="emacs" />
    <property name="env.MACHTYPE" value="x86_64-suse-linux" />
    <property name="ivy.lib.dir" value="/home/rene/Repository/github/LODeXporter/lib" />
    <property name="java.vm.specification.version" value="1.8" />
    <property name="env.QT_IM_SWITCHER" value="imsw-multi" />
    <property name="env.CVS_RSH" value="ssh" />
    <property name="ivy.settings.url" value="jar:file:/usr/local/durmtools/GATE/gate/build/lib/ivy.jar!/org/apache/ivy/core/settings/ivysettings.xml" />
    <property name="env.XKEYSYMDB" value="/usr/X11R6/lib/X11/XKeysymDB" />
    <property name="env.SHLVL" value="2" />
    <property name="java.vendor" value="Oracle Corporation" />
    <property name="env.XCURSOR_THEME" value="DMZ" />
    <property name="user.dir.ivy.instance" value="/home/rene/Repository/github/LODeXporter" />
    <property name="ivy.default.settings.dir" value="jar:file:/usr/local/durmtools/GATE/gate/build/lib/ivy.jar!/org/apache/ivy/core/settings" />
    <property name="ivy.settings.file" value="ivysettings.xml" />
    <property name="java.runtime.name.ivy.instance" value="Java(TM) SE Runtime Environment" />
    <property name="env.LANGUAGE" value="" />
    <property name="env.GS_LIB" value="/home/rene/.fonts" />
    <property name="file.separator" value="/" />
    <property name="ivy.local.default.artifact.pattern.ivy.instance" value="[organisation]/[module]/[revision]/[type]s/[artifact].[ext]" />
    <property name="ivy.cache.dir.ivy.instance" value="/home/rene/.ivy2/cache" />
    <property name="env.XFILESEARCHPATH" value="/usr/dt/app-defaults/%L/Dt" />
    <property name="ivy.default.settings.dir.ivy.instance" value="jar:file:/usr/local/durmtools/GATE/gate/build/lib/ivy.jar!/org/apache/ivy/core/settings" />
    <property name="env.XMODIFIERS" value="@im=local" />
    <property name="sun.java.launcher" value="SUN_STANDARD" />
    <property name="ivy.shared.default.ivy.pattern.ivy.instance" value="[organisation]/[module]/[revision]/[type]s/[artifact].[ext]" />
    <property name="env.MAIL" value="/var/spool/mail/rene" />
    <property name="env.NLSPATH" value="/usr/dt/lib/nls/msg/%L/%N.cat" />
    <property name="env.PAGER" value="less" />
    <property name="java.io.tmpdir.ivy.instance" value="/tmp" />
    <property name="ant.home" value="/usr/local/durmtools/ant" />
    <property name="env.LESS_ADVANCED_PREPROCESSOR" value="no" />
    <property name="env.CPU" value="x86_64" />
    <property name="env.JAVA" value="/usr/local/durmtools/jdk/bin/java" />
    <property name="ivy.resolved.file" value="/home/rene/Repository/github/LODeXporter/ivy.xml" />
    <property name="env.JAVA_BINDIR" value="/usr/lib64/jvm/jre/bin" />
    <property name="ant.java.version" value="1.7" />
    <property name="java.library.path" value="/usr/local/durmtools/lib:/home/rene/clac/claclibs:/usr/java/packages/lib/amd64:/usr/lib64:/lib64:/lib:/usr/lib" />
    <property name="ivy.resolved.configurations" value="default" />
    <property name="sun.arch.data.model" value="64" />
    <property name="basedir" value="/home/rene/Repository/github/LODeXporter" />
    <property name="java.vendor.url.ivy.instance" value="http://java.oracle.com/" />
    <property name="java.ext.dirs.ivy.instance" value="/usr/local/durmtools/jdk1.8.0_121/jre/lib/ext:/usr/java/packages/lib/ext" />
    <property name="ivy.version" value="2.3.0" />
    <property name="env.LESSKEY" value="/etc/lesskey.bin" />
    <property name="ant.file.LODeXporter" value="/home/rene/Repository/github/LODeXporter/build.xml" />
    <property name="env.XDG_SEAT" value="seat0" />
    <property name="env.PATH" value="/usr/local/durmtools/bin:/home/rene/bin:/usr/local/bin:/usr/bin:/bin:/usr/bin/X11:/usr/games:/usr/lib/mit/bin:/usr/lib/mit/sbin:/home/rene/bin" />
    <property name="env.QT_SYSTEM_DIR" value="/usr/share/desktop-data" />
    <property name="path.separator" value=":" />
    <property name="ivy.resolver.default.check.modified.ivy.instance" value="false" />
    <property name="env.GATE_HOME" value="/usr/local/durmtools/GATE/gate" />
    <property name="sun.io.unicode.encoding" value="UnicodeLittle" />
    <property name="ivy.conf.dir" value="jar:file:/usr/local/durmtools/GATE/gate/build/lib/ivy.jar!/org/apache/ivy/core/settings" />
    <property name="user.language" value="en" />
    <property name="env.FROM_HEADER" value="" />
    <property name="env.GTK_RC_FILES" value="/etc/gtk/gtkrc:/home/rene/.gtkrc:/home/rene/.kde4/share/config/gtkrc" />
    <property name="java.vm.specification.vendor.ivy.instance" value="Oracle Corporation" />
    <property name="ant.project.invoked-targets" value="test" />
    <property name="env.QT_IM_MODULE" value="xim" />
    <property name="awt.toolkit.ivy.instance" value="sun.awt.X11.XToolkit" />
    <property name="env.DURMTOOLS" value="/usr/local/durmtools" />
    <property name="_jacoco.agentFile" value="/tmp/jacocoagent4857592289588877215.jar" />
    <property name="ivy.report.output.pattern" value="[organisation]-[module]-[conf].[ext]" />
    <property name="java.class.version" value="52.0" />
    <property name="env.XNLSPATH" value="/usr/share/X11/nls" />
    <property name="sun.boot.library.path.ivy.instance" value="/usr/local/durmtools/jdk1.8.0_121/jre/lib/amd64" />
    <property name="os.version.ivy.instance" value="3.16.7-53-desktop" />
    <property name="test.resources.dir" value="/home/rene/Repository/github/LODeXporter/test/resources" />
    <property name="env.MORE" value="-sl" />
    <property name="env.WINDOWPATH" value="7" />
    <property name="ivy.project.dir.ivy.instance" value="/home/rene/Repository/github/LODeXporter" />
    <property name="file.encoding.pkg" value="sun.io" />
    <property name="env.XDG_CONFIG_DIRS" value="/etc/xdg" />
    <property name="sun.cpu.endian" value="little" />
    <property name="ivy.configurations.ivy.instance" value="*" />
    <property name="ivy.home.ivy.instance" value="/home/rene/.ivy2" />
    <property name="env.SHELL" value="/bin/bash" />
    <property name="env.XSESSION_IS_UP" value="yes" />
    <property name="env.SHELL_SESSION_ID" value="3314605fb761400082dcd1d9af747a7d" />
    <property name="java.home" value="/usr/local/durmtools/jdk1.8.0_121/jre" />
    <property name="ant.project.default-target" value="all" />
    <property name="env.DESKTOP_SESSION" value="kde-plasma" />
    <property name="ivy.status.ivy.instance" value="integration" />
    <property name="ant.library.dir.ivy.instance" value="/usr/local/durmtools/ant/lib" />
    <property name="sun.java.launcher.ivy.instance" value="SUN_STANDARD" />
    <property name="env.XDG_VTNR" value="7" />
    <property name="env.KDE_FULL_SESSION" value="true" />
    <property name="ivy.basedir.ivy.instance" value="/home/rene/Repository/github/LODeXporter" />
    <property name="java.vm.vendor.ivy.instance" value="Oracle Corporation" />
    <property name="env.DBUS_SESSION_BUS_ADDRESS" value="unix:abstract=/tmp/dbus-e5ItgPc5RJ,guid=cf3fa809a756f3824448c6ff59ac0866" />
    <property name="env.SSLCOMPS_COMPILE_LIBS" value="/home/rene/Repository/components/lib" />
    <property name="ivy.cache.ttl.default.ivy.instance" value="10s" />
    <property name="ivy.default.conf.dir.ivy.instance" value="jar:file:/usr/local/durmtools/GATE/gate/build/lib/ivy.jar!/org/apache/ivy/core/settings" />
    <property name="ivy.settings.url.ivy.instance" value="jar:file:/usr/local/durmtools/GATE/gate/build/lib/ivy.jar!/org/apache/ivy/core/settings/ivysettings.xml" />
    <property name="env.SSH_AUTH_SOCK" value="/tmp/ssh-DtMNwubSAPkG/agent.1460" />
    <property name="sun.management.compiler" value="HotSpot 64-Bit Tiered Compilers" />
    <property name="ivy.local.default.ivy.pattern" value="[organisation]/[module]/[revision]/[type]s/[artifact].[ext]" />
    <property name="env.DISPLAY" value=":0" />
    <property name="env.CONFIG_SITE" value="/usr/share/site/x86_64-unknown-linux-gnu" />
    <property name="env.JRE_HOME" value="/usr/lib64/jvm/jre" />
    <property name="ant.file" value="/home/rene/Repository/github/LODeXporter/build.xml" />
    <property name="env.HOST" value="matrix" />
    <property name="ivy.buildlist.ivyfilepath.ivy.instance" value="ivy.xml" />
    <property name="user.country.ivy.instance" value="US" />
    <property name="env.PILOTRATE" value="115200" />
    <property name="ivy.local.default.artifact.pattern" value="[organisation]/[module]/[revision]/[type]s/[artifact].[ext]" />
    <property name="ivy.default.always.check.exact.revision.ivy.instance" value="false" />
    <property name="env.XDG_RUNTIME_DIR" value="/run/user/500" />
    <property name="sun.cpu.isalist.ivy.instance" value="" />
    <property name="java.vm.specification.vendor" value="Oracle Corporation" />
    <property name="java.vm.name" value="Java HotSpot(TM) 64-Bit Server VM" />
    <property name="java.io.tmpdir" value="/tmp" />
    <property name="file.encoding.ivy.instance" value="UTF-8" />
    <property name="java.vendor.url" value="http://java.oracle.com/" />
    <property name="ivy.cache.ttl.default" value="10s" />
    <property name="env.XDG_CURRENT_DESKTOP" value="KDE" />
    <property name="ivy.settings.file.ivy.instance" value="ivysettings.xml" />
    <property name="sun.boot.library.path" value="/usr/local/durmtools/jdk1.8.0_121/jre/lib/amd64" />
    <property name="env.TEXINPUTS" value="/home/rene/TeX//:/usr/local/durmtools/TeX//:..:" />
    <property name="test.src.dir" value="/home/rene/Repository/github/LODeXporter/test/src" />
    <property name="env.MANPATH" value="/usr/local/man:/usr/share/man" />
    <property name="file.encoding.pkg.ivy.instance" value="sun.io" />
    <property name="ivy.local.default.root" value="/home/rene/.ivy2/local" />
    <property name="ivy.resolver.default.check.modified" value="false" />
    <property name="java.runtime.name" value="Java(TM) SE Runtime Environment" />
    <property name="ant.project.name" value="LODeXporter" />
    <property name="ivy.local.default.root.ivy.instance" value="/home/rene/.ivy2/local" />
    <property name="sun.management.compiler.ivy.instance" value="HotSpot 64-Bit Tiered Compilers" />
    <property name="java.vendor.url.bug.ivy.instance" value="http://bugreport.sun.com/bugreport/" />
    <property name="ivy.conf.dir.ivy.instance" value="jar:file:/usr/local/durmtools/GATE/gate/build/lib/ivy.jar!/org/apache/ivy/core/settings" />
    <property name="env.LESSCLOSE" value="lessclose.sh %s %s" />
    <property name="gate.jar" value="/usr/local/durmtools/GATE/gate/bin/gate.jar" />
    <property name="env.XAUTHLOCALHOSTNAME" value="matrix" />
    <property name="ivy.buildlist.ivyfilepath" value="ivy.xml" />
    <property name="env.PYTHONSTARTUP" value="/etc/pythonstart" />
    <property name="sun.cpu.isalist" value="" />
    <property name="env.G_BROKEN_FILENAMES" value="1" />
    <property name="env.SSH_AGENT_PID" value="1562" />
    <property name="ivy.default.ivy.user.dir" value="/home/rene/.ivy2" />
    <property name="java.runtime.version.ivy.instance" value="1.8.0_121-b13" />
    <property name="user.home" value="/home/rene" />
    <property name="env.JAVA_HOME" value="/usr/local/durmtools/jdk" />
    <property name="java.vm.version.ivy.instance" value="25.121-b13" />
    <property name="java.specification.name" value="Java Platform API Specification" />
    <property name="ivy.dep.file" value="ivy.xml" />
    <property name="user.timezone.ivy.instance" value="America/Montreal" />
    <property name="result.exec.file" value="/home/rene/Repository/github/LODeXporter/test/reports/jacoco.exec" />
    <property name="ivy.deliver.ivy.pattern.ivy.instance" value="/home/rene/Repository/github/LODeXporter/distrib/[type]s/[artifact]-[revision](-[classifier]).[ext]" />
    <property name="env.CLASSPATH" value="/home/rene/install/javachart-0.2.1/javachart-0.2.1.jar:." />
    <property name="ivy.conf.url" value="jar:file:/usr/local/durmtools/GATE/gate/build/lib/ivy.jar!/org/apache/ivy/core/settings/ivysettings.xml" />
    <property name="java.specification.vendor" value="Oracle Corporation" />
    <property name="ivy.deps.changed" value="false" />
    <property name="ivy.shared.default.ivy.pattern" value="[organisation]/[module]/[revision]/[type]s/[artifact].[ext]" />
    <property name="java.version" value="1.8.0_121" />
    <property name="sun.jnu.encoding.ivy.instance" value="UTF-8" />
    <property name="sun.io.unicode.encoding.ivy.instance" value="UnicodeLittle" />
    <property name="env.SESSION_MANAGER" value="local/matrix:@/tmp/.ICE-unix/1677,unix/matrix:/tmp/.ICE-unix/1677" />
    <property name="release.version" value="0.1" />
    <property name="env.LD_LIBRARY_PATH" value="/usr/local/durmtools/lib:/home/rene/clac/claclibs" />
    <property name="sun.java.command.ivy.instance" value="org.apache.tools.ant.launch.Launcher -cp /home/rene/install/javachart-0.2.1/javachart-0.2.1.jar:. test" />
    <property name="env.LESS" value="-M -I -R" />
    <property name="basedir.ivy.instance" value="/home/rene/Repository/github/LODeXporter" />
    <property name="env.KDE_MULTIHEAD" value="false" />
    <property name="ivy.conf.url.ivy.instance" value="jar:file:/usr/local/durmtools/GATE/gate/build/lib/ivy.jar!/org/apache/ivy/core/settings/ivysettings.xml" />
    <property name="env.INPUTRC" value="/home/rene/.inputrc" />
    <property name="java.specification.vendor.ivy.instance" value="Oracle Corporation" />
    <property name="test.dir" value="/home/rene/Repository/github/LODeXporter/test" />
    <property name="env.DM_CONTROL" value="/var/run/xdmctl" />
    <property name="env.PROFILEREAD" value="true" />
    <property name="env.JAVADOC" value="/usr/local/durmtools/jdk/bin/javadoc" />
    <property name="env.CVSLOCALROOT" value="/home/rene/clac" />
    <property name="env.LESSOPEN" value="lessopen.sh %s" />
    <property name="test.classes.dir" value="/home/rene/Repository/github/LODeXporter/test/classes" />
    <property name="ivy.build.artifacts.dir.ivy.instance" value="/home/rene/Repository/github/LODeXporter/build/artifacts" />
    <property name="ivy.cache.dir" value="/home/rene/.ivy2/cache" />
    <property name="classes.dir" value="/home/rene/Repository/github/LODeXporter/classes" />
    <property name="user.language.ivy.instance" value="en" />
    <property name="java.class.path.ivy.instance" value="/usr/local/durmtools/ant/lib/ant-launcher.jar:/home/rene/install/javachart-0.2.1/javachart-0.2.1.jar:/home/rene/Repository/github/LODeXporter/./:/usr/local/durmtools/ant/lib/ant-antlr.jar:/usr/local/durmtools/ant/lib/ant-apache-bcel.jar:/usr/local/durmtools/ant/lib/ant-apache-bsf.jar:/usr/local/durmtools/ant/lib/ant-apache-log4j.jar:/usr/local/durmtools/ant/lib/ant-apache-oro.jar:/usr/local/durmtools/ant/lib/ant-apache-regexp.jar:/usr/local/durmtools/ant/lib/ant-apache-resolver.jar:/usr/local/durmtools/ant/lib/ant-apache-xalan2.jar:/usr/local/durmtools/ant/lib/ant-commons-logging.jar:/usr/local/durmtools/ant/lib/ant-commons-net.jar:/usr/local/durmtools/ant/lib/ant-jai.jar:/usr/local/durmtools/ant/lib/ant-javamail.jar:/usr/local/durmtools/ant/lib/ant-jdepend.jar:/usr/local/durmtools/ant/lib/ant-jmf.jar:/usr/local/durmtools/ant/lib/ant-jsch.jar:/usr/local/durmtools/ant/lib/ant-junit.jar:/usr/local/durmtools/ant/lib/ant-junit4.jar:/usr/local/durmtools/ant/lib/ant-launcher.jar:/usr/local/durmtools/ant/lib/ant-netrexx.jar:/usr/local/durmtools/ant/lib/ant-swing.jar:/usr/local/durmtools/ant/lib/ant-testutil.jar:/usr/local/durmtools/ant/lib/ant.jar:/usr/local/durmtools/jdk1.8.0_121/lib/tools.jar" />
    <property name="env.PILOTPORT" value="usb:" />
    <property name="env.PWD" value="/home/rene/Repository/github/LODeXporter" />
    <property name="env.GTK_IM_MODULE" value="cedilla" />
    <property name="env.TMPDIR" value="/tmp" />
    <property name="sun.cpu.endian.ivy.instance" value="little" />
    <property name="line.separator" value="&#xa;" />
    <property name="env.HOSTTYPE" value="x86_64" />
    <property name="java.specification.version" value="1.8" />
    <property name="ivy.publish.src.artifacts.pattern" value="/home/rene/Repository/github/LODeXporter/distrib/[type]s/[artifact]-[revision](-[classifier]).[ext]" />
    <property name="java.vm.info" value="mixed mode" />
    <property name="ivy.retrieve.pattern" value="/home/rene/Repository/github/LODeXporter/lib/[artifact]-[revision](-[classifier]).[ext]" />
    <property name="ivy.organisation" value="SemanticSoftwareLab" />
    <property name="env.ANT_HOME" value="/usr/local/durmtools/ant" />
    <property name="ivy.targets.copied" value="false" />
    <property name="sun.boot.class.path" value="/usr/local/durmtools/jdk1.8.0_121/jre/lib/resources.jar:/usr/local/durmtools/jdk1.8.0_121/jre/lib/rt.jar:/usr/local/durmtools/jdk1.8.0_121/jre/lib/sunrsasign.jar:/usr/local/durmtools/jdk1.8.0_121/jre/lib/jsse.jar:/usr/local/durmtools/jdk1.8.0_121/jre/lib/jce.jar:/usr/local/durmtools/jdk1.8.0_121/jre/lib/charsets.jar:/usr/local/durmtools/jdk1.8.0_121/jre/lib/jfr.jar:/usr/local/durmtools/jdk1.8.0_121/jre/classes" />
    <property name="env.COLORFGBG" value="0;15" />
    <property name="ivy.resolve.default.type.filter" value="*" />
    <property name="java.specification.version.ivy.instance" value="1.8" />
    <property name="src.dir" value="/home/rene/Repository/github/LODeXporter/src" />
    <property name="ivy.basedir" value="/home/rene/Repository/github/LODeXporter" />
    <property name="ivy.log.modules.in.use.ivy.instance" value="false" />
    <property name="env.SSH_ASKPASS" value="/usr/lib/ssh/ksshaskpass" />
    <property name="env.SDL_AUDIODRIVER" value="pulse" />
    <property name="env.NNTPSERVER" value="news" />
    <property name="java.specification.name.ivy.instance" value="Java Platform API Specification" />
    <property name="env.HOME" value="/home/rene" />
    <property name="env.QEMU_AUDIO_DRV" value="pa" />
    <property name="line.separator.ivy.instance" value="&#xa;" />
    <property name="user.home.ivy.instance" value="/home/rene" />
    <property name="ivy.publish.src.artifacts.pattern.ivy.instance" value="/home/rene/Repository/github/LODeXporter/distrib/[type]s/[artifact]-[revision](-[classifier]).[ext]" />
    <property name="ivy.deliver.ivy.pattern" value="/home/rene/Repository/github/LODeXporter/distrib/[type]s/[artifact]-[revision](-[classifier]).[ext]" />
    <property name="ant.file.type.LODeXporter" value="file" />
    <property name="env.ALSA_CONFIG_PATH" value="/etc/alsa-pulse.conf" />
    <property name="ivy.shared.default.root.ivy.instance" value="/home/rene/.ivy2/shared" />
    <property name="ivy.checksums.ivy.instance" value="sha1,md5" />
    <property name="java.awt.printerjob" value="sun.print.PSPrinterJob" />
    <property name="test.reports.dir" value="/home/rene/Repository/github/LODeXporter/test/reports" />
    <property name="gate.lib" value="/usr/local/durmtools/GATE/gate/lib" />
    <property name="sun.jnu.encoding" value="UTF-8" />
    <property name="ivy.default.ivy.user.dir.ivy.instance" value="/home/rene/.ivy2" />
    <property name="ivy.project.dir" value="/home/rene/Repository/github/LODeXporter" />
    <property name="ivy.revision" value="working@localhost" />
    <property name="java.runtime.version" value="1.8.0_121-b13" />
    <property name="ivy.home" value="/home/rene/.ivy2" />
    <property name="sun.boot.class.path.ivy.instance" value="/usr/local/durmtools/jdk1.8.0_121/jre/lib/resources.jar:/usr/local/durmtools/jdk1.8.0_121/jre/lib/rt.jar:/usr/local/durmtools/jdk1.8.0_121/jre/lib/sunrsasign.jar:/usr/local/durmtools/jdk1.8.0_121/jre/lib/jsse.jar:/usr/local/durmtools/jdk1.8.0_121/jre/lib/jce.jar:/usr/local/durmtools/jdk1.8.0_121/jre/lib/charsets.jar:/usr/local/durmtools/jdk1.8.0_121/jre/lib/jfr.jar:/usr/local/durmtools/jdk1.8.0_121/jre/classes" />
    <property name="env.GTK2_RC_FILES" value="/etc/gtk-2.0/gtkrc:/home/rene/.gtkrc-2.0:/home/rene/.kde4/share/config/gtkrc-2.0" />
    <property name="java.vendor.ivy.instance" value="Oracle Corporation" />
    <property name="env.COLORTERM" value="1" />
    <property name="ivy.distrib.dir.ivy.instance" value="/home/rene/Repository/github/LODeXporter/distrib" />
    <property name="user.timezone" value="" />
    <property name="java.vm.specification.name.ivy.instance" value="Java Virtual Machine Specification" />
    <property name="ivy.dep.file.ivy.instance" value="ivy.xml" />
    <property name="java.ext.dirs" value="/usr/local/durmtools/jdk1.8.0_121/jre/lib/ext:/usr/java/packages/lib/ext" />
    <property name="env.SVN_EDITOR" value="vi" />
    <property name="java.class.path" value="/usr/local/durmtools/GATE/gate/bin/gate.jar:/usr/local/durmtools/GATE/gate/lib/ant-1.9.3.jar:/usr/local/durmtools/GATE/gate/lib/ant-launcher-1.9.3.jar:/usr/local/durmtools/GATE/gate/lib/aopalliance-1.0.jar:/usr/local/durmtools/GATE/gate/lib/apache-mime4j-core-0.7.2.jar:/usr/local/durmtools/GATE/gate/lib/apache-mime4j-dom-0.7.2.jar:/usr/local/durmtools/GATE/gate/lib/bcmail-jdk15-1.45.jar:/usr/local/durmtools/GATE/gate/lib/bcprov-jdk15-1.45.jar:/usr/local/durmtools/GATE/gate/lib/commons-codec-1.9.jar:/usr/local/durmtools/GATE/gate/lib/commons-compress-1.8.1.jar:/usr/local/durmtools/GATE/gate/lib/commons-io-2.4.jar:/usr/local/durmtools/GATE/gate/lib/commons-lang-2.6.jar:/usr/local/durmtools/GATE/gate/lib/commons-logging-1.1.3.jar:/usr/local/durmtools/GATE/gate/lib/flying-saucer-core-9.0.4.jar:/usr/local/durmtools/GATE/gate/lib/fontbox-1.8.8.jar:/usr/local/durmtools/GATE/gate/lib/gate-asm-5.0.3.jar:/usr/local/durmtools/GATE/gate/lib/gate-compiler-jdt-4.3.2-P20140317-1600.jar:/usr/local/durmtools/GATE/gate/lib/hamcrest-core-1.3.jar:/usr/local/durmtools/GATE/gate/lib/ivy-2.3.0.jar:/usr/local/durmtools/GATE/gate/lib/jackson-annotations-2.3.0.jar:/usr/local/durmtools/GATE/gate/lib/jackson-core-2.3.2.jar:/usr/local/durmtools/GATE/gate/lib/jackson-databind-2.3.2.jar:/usr/local/durmtools/GATE/gate/lib/java-getopt-1.0.13.jar:/usr/local/durmtools/GATE/gate/lib/jaxen-1.1.6.jar:/usr/local/durmtools/GATE/gate/lib/jdom-1.1.3.jar:/usr/local/durmtools/GATE/gate/lib/jempbox-1.8.8.jar:/usr/local/durmtools/GATE/gate/lib/joda-time-2.9.2.jar:/usr/local/durmtools/GATE/gate/lib/junit-4.11.jar:/usr/local/durmtools/GATE/gate/lib/log4j-1.2.17.jar:/usr/local/durmtools/GATE/gate/lib/nekohtml-1.9.14.jar:/usr/local/durmtools/GATE/gate/lib/pdfbox-1.8.8.jar:/usr/local/durmtools/GATE/gate/lib/poi-3.11.jar:/usr/local/durmtools/GATE/gate/lib/poi-ooxml-3.11.jar:/usr/local/durmtools/GATE/gate/lib/poi-ooxml-schemas-3.11.jar:/usr/local/durmtools/GATE/gate/lib/poi-scratchpad-3.11.jar:/usr/local/durmtools/GATE/gate/lib/spring-aop-2.5.6.SEC01.jar:/usr/local/durmtools/GATE/gate/lib/spring-beans-2.5.6.SEC01.jar:/usr/local/durmtools/GATE/gate/lib/spring-core-2.5.6.SEC01.jar:/usr/local/durmtools/GATE/gate/lib/stax2-api-3.1.1.jar:/usr/local/durmtools/GATE/gate/lib/tika-core-1.7.jar:/usr/local/durmtools/GATE/gate/lib/tika-parsers-1.7.jar:/usr/local/durmtools/GATE/gate/lib/woodstox-core-lgpl-4.2.0.jar:/usr/local/durmtools/GATE/gate/lib/xercesImpl-2.9.1.jar:/usr/local/durmtools/GATE/gate/lib/xmlbeans-2.6.0.jar:/usr/local/durmtools/GATE/gate/lib/xmlunit-1.5.jar:/usr/local/durmtools/GATE/gate/lib/xpp3-1.1.4c.jar:/usr/local/durmtools/GATE/gate/lib/xstream-1.4.7.jar:/home/rene/Repository/github/LODeXporter/lib/activation-1.1.jar:/home/rene/Repository/github/LODeXporter/lib/collection-0.7.jar:/home/rene/Repository/github/LODeXporter/lib/commons-cli-1.4.jar:/home/rene/Repository/github/LODeXporter/lib/commons-codec-1.10.jar:/home/rene/Repository/github/LODeXporter/lib/commons-csv-1.4.jar:/home/rene/Repository/github/LODeXporter/lib/commons-io-2.5.jar:/home/rene/Repository/github/LODeXporter/lib/commons-lang3-3.4.jar:/home/rene/Repository/github/LODeXporter/lib/commons-logging-1.2.jar:/home/rene/Repository/github/LODeXporter/lib/geronimo-jms_1.1_spec-1.0.jar:/home/rene/Repository/github/LODeXporter/lib/httpclient-4.5.3.jar:/home/rene/Repository/github/LODeXporter/lib/httpclient-cache-4.5.3.jar:/home/rene/Repository/github/LODeXporter/lib/httpcore-4.4.6.jar:/home/rene/Repository/github/LODeXporter/lib/jackson-annotations-2.8.6.jar:/home/rene/Repository/github/LODeXporter/lib/jackson-core-2.8.6.jar:/home/rene/Repository/github/LODeXporter/lib/jackson-databind-2.8.6.jar:/home/rene/Repository/github/LODeXporter/lib/javaee-api-5.0-2.jar:/home/rene/Repository/github/LODeXporter/lib/jcl-over-slf4j-1.7.25.jar:/home/rene/Repository/github/LODeXporter/lib/jena-arq-3.4.0.jar:/home/rene/Repository/github/LODeXporter/lib/jena-base-3.4.0.jar:/home/rene/Repository/github/LODeXporter/lib/jena-core-3.4.0.jar:/home/rene/Repository/github/LODeXporter/lib/jena-iri-3.4.0.jar:/home/rene/Repository/github/LODeXporter/lib/jena-shaded-guava-3.4.0.jar:/home/rene/Repository/github/LODeXporter/lib/jena-tdb-3.4.0.jar:/home/rene/Repository/github/LODeXporter/lib/jsonld-java-0.10.0.jar:/home/rene/Repository/github/LODeXporter/lib/libthrift-0.9.3.jar:/home/rene/Repository/github/LODeXporter/lib/log4j-1.2.17.jar:/home/rene/Repository/github/LODeXporter/lib/mail-1.4.3.jar:/home/rene/Repository/github/LODeXporter/lib/slf4j-api-1.7.25.jar:/home/rene/Repository/github/LODeXporter/lib/slf4j-log4j12-1.7.25.jar:/home/rene/Repository/github/LODeXporter/lib/xercesImpl-2.11.0.jar:/home/rene/Repository/github/LODeXporter/lib/xml-apis-1.4.01.jar:/home/rene/Repository/github/LODeXporter/LODeXporter.jar:/home/rene/Repository/github/LODeXporter/test/classes:/home/rene/Repository/github/LODeXporter/test/resources:/home/rene/Repository/github/LODeXporter:/usr/local/durmtools/apache-ant-1.8.2/lib/ant-launcher.jar:/usr/local/durmtools/ant/lib/ant.jar:/usr/local/durmtools/ant/lib/ant-junit.jar:/usr/local/durmtools/ant/lib/ant-junit4.jar:/tmp/jacocoagent4857592289588877215.jar" />
    <property name="env.KONSOLE_DBUS_WINDOW" value="/Windows/32" />
    <property name="ivy.settings.dir" value="jar:file:/usr/local/durmtools/GATE/gate/build/lib/ivy.jar!/org/apache/ivy/core/settings" />
    <property name="os.version" value="3.16.7-53-desktop" />
    <property name="jar.location" value="/home/rene/Repository/github/LODeXporter/LODeXporter.jar" />
    <property name="env.LS_COLORS" value="no=00:fi=00:di=01;34:ln=00;36:pi=40;33:so=01;35:do=01;35:bd=40;33;01:cd=40;33;01:or=41;33;01:ex=00;32:*.cmd=00;32:*.exe=01;32:*.com=01;32:*.bat=01;32:*.btm=01;32:*.dll=01;32:*.tar=00;31:*.tbz=00;31:*.tgz=00;31:*.rpm=00;31:*.deb=00;31:*.arj=00;31:*.taz=00;31:*.lzh=00;31:*.lzma=00;31:*.zip=00;31:*.zoo=00;31:*.z=00;31:*.Z=00;31:*.gz=00;31:*.bz2=00;31:*.tb2=00;31:*.tz2=00;31:*.tbz2=00;31:*.xz=00;31:*.avi=01;35:*.bmp=01;35:*.fli=01;35:*.gif=01;35:*.jpg=01;35:*.jpeg=01;35:*.mng=01;35:*.mov=01;35:*.mpg=01;35:*.pcx=01;35:*.pbm=01;35:*.pgm=01;35:*.png=01;35:*.ppm=01;35:*.tga=01;35:*.tif=01;35:*.xbm=01;35:*.xpm=01;35:*.dl=01;35:*.gl=01;35:*.wmv=01;35:*.aiff=00;32:*.au=00;32:*.mid=00;32:*.mp3=00;32:*.ogg=00;32:*.voc=00;32:*.wav=00;32:" />
    <property name="env.LS_OPTIONS" value="-N --color=tty -T 0" />
    <property name="java.class.version.ivy.instance" value="52.0" />
    <property name="env.WINDOWID" value="106958892" />
    <property name="ivy.module" value="LODeXporter" />
    <property name="os.arch.ivy.instance" value="amd64" />
    <property name="env.LANG" value="en_US.UTF-8" />
    <property name="java.vm.name.ivy.instance" value="Java HotSpot(TM) 64-Bit Server VM" />
    <property name="java.awt.graphicsenv" value="sun.awt.X11GraphicsEnvironment" />
    <property name="ivy.nb.targets.copied" value="0" />
    <property name="java.vm.vendor" value="Oracle Corporation" />
    <property name="ivy.log.modules.in.use" value="false" />
    <property name="env.KDE_SESSION_VERSION" value="4" />
    <property name="ant.file.type" value="file" />
    <property name="ivy.build.artifacts.dir" value="/home/rene/Repository/github/LODeXporter/build/artifacts" />
    <property name="env.KDE_SESSION_UID" value="500" />
    <property name="ivy.checksums" value="sha1,md5" />
    <property name="sun.os.patch.level.ivy.instance" value="unknown" />
    <property name="ivy.configurations" value="*" />
    <property name="ivy.distrib.dir" value="/home/rene/Repository/github/LODeXporter/distrib" />
    <property name="ant.version" value="Apache Ant(TM) version 1.8.2 compiled on December 20 2010" />
    <property name="env.HOSTNAME" value="matrix" />
    <property name="file.encoding" value="UTF-8" />
    <property name="awt.toolkit" value="sun.awt.X11.XToolkit" />
    <property name="user.name.ivy.instance" value="rene" />
  </properties>
  <testcase classname="info.semanticsoftware.lodexporter.LODeXporterTest" name="testGetCustomURI" time="1.971" />
  <testcase classname="info.semanticsoftware.lodexporter.LODeXporterTest" name="testInitConflict" time="0.007" />
  <testcase classname="info.semanticsoftware.lodexporter.LODeXporterTest" name="testRunPR" time="0.304" />
  <testcase classname="info.semanticsoftware.lodexporter.LODeXporterTest" name="testInitFail" time="0.001" />
  <testcase classname="info.semanticsoftware.lodexporter.LODeXporterTest" name="testGetMappingFile" time="0.047" />
  <testcase classname="info.semanticsoftware.lodexporter.LODeXporterTest" name="testReInit" time="0.086" />
  <system-out><![CDATA[11:17:41 WARN  gate.Gate.initLocalPaths(Gate.java:253)                          : GATE home system property ("gate.home") not set.
Attempting to guess...
11:17:41 WARN  gate.Gate.initLocalPaths(Gate.java:273)                          : Using "/usr/local/durmtools/GATE_SVN/gate" as GATE Home.
If this is not correct please set it manually using the -Dgate.home option in your start-up script
11:17:41 INFO  gate.Gate.initLocalPaths(Gate.java:284)                          : Using /usr/local/durmtools/GATE_SVN/gate as GATE home
11:17:41 INFO  gate.Gate.initLocalPaths(Gate.java:308)                          : Using /usr/local/durmtools/GATE_SVN/gate/plugins as installed plug-ins directory.
11:17:41 INFO  gate.Gate.initLocalPaths(Gate.java:331)                          : Using /usr/local/durmtools/GATE_SVN/gate/gate.xml as site configuration file.
11:17:41 INFO  gate.Gate.initLocalPaths(Gate.java:343)                          : Using /home/rene/.gate.xml as user configuration file
11:17:41 INFO  gate.Gate.initLocalPaths(Gate.java:356)                          : Using /home/rene/.gate.session as user session file
11:17:43 WARN  gate.util.GateClassLoader.loadClass(GateClassLoader.java:187)    : info.semanticsoftware.lodexporter.LODeXporter is available via both the system classpath and a plugin; the plugin classes will be ignored
11:17:43 INFO  eoleRegisterImpl.registerDirectories(CreoleRegisterImpl.java:295): CREOLE plugin loaded: file:/home/rene/Repository/github/LODeXporter/
11:17:43 DEBUG manticsoftware.lodexporter.LODeXporter.init(LODeXporter.java:275): LODeXporter loaded!
11:17:44 DEBUG porter.tdb.TDBTripleStoreImpl.connect(TDBTripleStoreImpl.java:98): [connect] Memory-based Dataset is now: org.apache.jena.sparql.core.DatasetImpl@91cdfb7
11:17:44 DEBUG manticsoftware.lodexporter.LODeXporter.init(LODeXporter.java:286): [init] created memory-backed dataset with mapping rules from file:/home/rene/Repository/github/LODeXporter/resources/mapping.rdf
11:17:44 WARN  andlerFactory$ErrorLogger.logWarning(ErrorHandlerFactory.java:92): [line: 10, col: 43] {W107} Bad URI: <map:Mapping> Code: 44/UNREGISTERED_IANA_SCHEME in SCHEME: The scheme name does not have a "-" in it, but is not in the IANA registry. (Last updated from the registry January 2006)
11:17:44 WARN  andlerFactory$ErrorLogger.logWarning(ErrorHandlerFactory.java:92): [line: 11, col: 45] {W107} Bad URI: <dcterms:chunk> Code: 44/UNREGISTERED_IANA_SCHEME in SCHEME: The scheme name does not have a "-" in it, but is not in the IANA registry. (Last updated from the registry January 2006)
11:17:44 WARN  andlerFactory$ErrorLogger.logWarning(ErrorHandlerFactory.java:92): [line: 16, col: 43] {W107} Bad URI: <map:Mapping> Code: 44/UNREGISTERED_IANA_SCHEME in SCHEME: The scheme name does not have a "-" in it, but is not in the IANA registry. (Last updated from the registry January 2006)
11:17:44 WARN  andlerFactory$ErrorLogger.logWarning(ErrorHandlerFactory.java:92): [line: 17, col: 45] {W107} Bad URI: <dcterms:start> Code: 44/UNREGISTERED_IANA_SCHEME in SCHEME: The scheme name does not have a "-" in it, but is not in the IANA registry. (Last updated from the registry January 2006)
11:17:44 WARN  andlerFactory$ErrorLogger.logWarning(ErrorHandlerFactory.java:92): [line: 22, col: 43] {W107} Bad URI: <map:Mapping> Code: 44/UNREGISTERED_IANA_SCHEME in SCHEME: The scheme name does not have a "-" in it, but is not in the IANA registry. (Last updated from the registry January 2006)
11:17:44 WARN  andlerFactory$ErrorLogger.logWarning(ErrorHandlerFactory.java:92): [line: 23, col: 43] {W107} Bad URI: <foaf:gender> Code: 44/UNREGISTERED_IANA_SCHEME in SCHEME: The scheme name does not have a "-" in it, but is not in the IANA registry. (Last updated from the registry January 2006)
11:17:44 WARN  andlerFactory$ErrorLogger.logWarning(ErrorHandlerFactory.java:92): [line: 28, col: 43] {W107} Bad URI: <map:Mapping> Code: 44/UNREGISTERED_IANA_SCHEME in SCHEME: The scheme name does not have a "-" in it, but is not in the IANA registry. (Last updated from the registry January 2006)
11:17:44 WARN  andlerFactory$ErrorLogger.logWarning(ErrorHandlerFactory.java:92): [line: 33, col: 43] {W107} Bad URI: <foaf:Person> Code: 44/UNREGISTERED_IANA_SCHEME in SCHEME: The scheme name does not have a "-" in it, but is not in the IANA registry. (Last updated from the registry January 2006)
11:17:44 WARN  andlerFactory$ErrorLogger.logWarning(ErrorHandlerFactory.java:92): [line: 38, col: 43] {W107} Bad URI: <map:Mapping> Code: 44/UNREGISTERED_IANA_SCHEME in SCHEME: The scheme name does not have a "-" in it, but is not in the IANA registry. (Last updated from the registry January 2006)
11:17:44 WARN  andlerFactory$ErrorLogger.logWarning(ErrorHandlerFactory.java:92): [line: 40, col: 49] {W107} Bad URI: <foaf:Organization> Code: 44/UNREGISTERED_IANA_SCHEME in SCHEME: The scheme name does not have a "-" in it, but is not in the IANA registry. (Last updated from the registry January 2006)
11:17:44 WARN  andlerFactory$ErrorLogger.logWarning(ErrorHandlerFactory.java:92): [line: 45, col: 43] {W107} Bad URI: <map:Mapping> Code: 44/UNREGISTERED_IANA_SCHEME in SCHEME: The scheme name does not have a "-" in it, but is not in the IANA registry. (Last updated from the registry January 2006)
11:17:44 WARN  andlerFactory$ErrorLogger.logWarning(ErrorHandlerFactory.java:92): [line: 48, col: 45] {W107} Bad URI: <foaf:Location> Code: 44/UNREGISTERED_IANA_SCHEME in SCHEME: The scheme name does not have a "-" in it, but is not in the IANA registry. (Last updated from the registry January 2006)
11:17:44 DEBUG leStoreImpl.loadMappingRulesFromFile(TDBTripleStoreImpl.java:108): [loadRules] Finished loading mapping rules from file:/home/rene/Repository/github/LODeXporter/resources/mapping.rdf
11:17:45 DEBUG BTripleStoreImpl.populateSubjectHash(TDBTripleStoreImpl.java:239): ----- SUBJECT MAPLIST: {file:///home/rene/Repository/github/LODeXporter/resources/GATEAnnoLocation=rule= file:///home/rene/Repository/github/LODeXporter/resources/GATEAnnoLocation , type= foaf:Location , GATEType= Location URI=http://semanticsoftware.info/lodexporter/, file:///home/rene/Repository/github/LODeXporter/resources/GATEAnnoOrganization=rule= file:///home/rene/Repository/github/LODeXporter/resources/GATEAnnoOrganization , type= foaf:Organization , GATEType= Organization URI=http://semanticsoftware.info/lodexporter/, file:///home/rene/Repository/github/LODeXporter/resources/GATEAnnoPerson=rule= file:///home/rene/Repository/github/LODeXporter/resources/GATEAnnoPerson , type= foaf:Person , GATEType= Person URI=http://semanticsoftware.info/lodexporter/}
11:17:45 DEBUG pleStoreImpl.populatePropertyMapList(TDBTripleStoreImpl.java:296): ----- PROPERTY HASHMAP:{file:///home/rene/Repository/github/LODeXporter/resources/GATEAnnoLocation=[rule= file:///home/rene/Repository/github/LODeXporter/resources/GATEAnnoLocation , type= http://purl.org/dc/terms/chunk , GATEType= Location GATEfeature=null GATEattribute=content], file:///home/rene/Repository/github/LODeXporter/resources/GATEAnnoPerson=[rule= file:///home/rene/Repository/github/LODeXporter/resources/GATEAnnoPerson , type= http://purl.org/dc/terms/chunk , GATEType= Person GATEfeature=null GATEattribute=content, rule= file:///home/rene/Repository/github/LODeXporter/resources/GATEAnnoPerson , type= http://purl.org/dc/terms/start , GATEType= Person GATEfeature=null GATEattribute=startOffset, rule= file:///home/rene/Repository/github/LODeXporter/resources/GATEAnnoPerson , type= http://xmlns.com/foaf/0.1/gender , GATEType= Person GATEfeature=gender GATEattribute=null]}
11:17:45 DEBUG pleStoreImpl.populateRelationMapList(TDBTripleStoreImpl.java:358): ----- RELATION HASHMAP:{}
11:17:45 DEBUG manticsoftware.lodexporter.LODeXporter.init(LODeXporter.java:275): LODeXporter loaded!
 ----------- testRunPR() -------------
11:17:45 DEBUG manticsoftware.lodexporter.LODeXporter.init(LODeXporter.java:275): LODeXporter loaded!
11:17:45 DEBUG porter.tdb.TDBTripleStoreImpl.connect(TDBTripleStoreImpl.java:98): [connect] Memory-based Dataset is now: org.apache.jena.sparql.core.DatasetImpl@34144ac
11:17:45 DEBUG manticsoftware.lodexporter.LODeXporter.init(LODeXporter.java:286): [init] created memory-backed dataset with mapping rules from file:/home/rene/Repository/github/LODeXporter/resources/mapping.rdf
11:17:45 WARN  andlerFactory$ErrorLogger.logWarning(ErrorHandlerFactory.java:92): [line: 10, col: 43] {W107} Bad URI: <map:Mapping> Code: 44/UNREGISTERED_IANA_SCHEME in SCHEME: The scheme name does not have a "-" in it, but is not in the IANA registry. (Last updated from the registry January 2006)
11:17:45 WARN  andlerFactory$ErrorLogger.logWarning(ErrorHandlerFactory.java:92): [line: 11, col: 45] {W107} Bad URI: <dcterms:chunk> Code: 44/UNREGISTERED_IANA_SCHEME in SCHEME: The scheme name does not have a "-" in it, but is not in the IANA registry. (Last updated from the registry January 2006)
11:17:45 WARN  andlerFactory$ErrorLogger.logWarning(ErrorHandlerFactory.java:92): [line: 16, col: 43] {W107} Bad URI: <map:Mapping> Code: 44/UNREGISTERED_IANA_SCHEME in SCHEME: The scheme name does not have a "-" in it, but is not in the IANA registry. (Last updated from the registry January 2006)
11:17:45 WARN  andlerFactory$ErrorLogger.logWarning(ErrorHandlerFactory.java:92): [line: 17, col: 45] {W107} Bad URI: <dcterms:start> Code: 44/UNREGISTERED_IANA_SCHEME in SCHEME: The scheme name does not have a "-" in it, but is not in the IANA registry. (Last updated from the registry January 2006)
11:17:45 WARN  andlerFactory$ErrorLogger.logWarning(ErrorHandlerFactory.java:92): [line: 22, col: 43] {W107} Bad URI: <map:Mapping> Code: 44/UNREGISTERED_IANA_SCHEME in SCHEME: The scheme name does not have a "-" in it, but is not in the IANA registry. (Last updated from the registry January 2006)
11:17:45 WARN  andlerFactory$ErrorLogger.logWarning(ErrorHandlerFactory.java:92): [line: 23, col: 43] {W107} Bad URI: <foaf:gender> Code: 44/UNREGISTERED_IANA_SCHEME in SCHEME: The scheme name does not have a "-" in it, but is not in the IANA registry. (Last updated from the registry January 2006)
11:17:45 WARN  andlerFactory$ErrorLogger.logWarning(ErrorHandlerFactory.java:92): [line: 28, col: 43] {W107} Bad URI: <map:Mapping> Code: 44/UNREGISTERED_IANA_SCHEME in SCHEME: The scheme name does not have a "-" in it, but is not in the IANA registry. (Last updated from the registry January 2006)
11:17:45 WARN  andlerFactory$ErrorLogger.logWarning(ErrorHandlerFactory.java:92): [line: 33, col: 43] {W107} Bad URI: <foaf:Person> Code: 44/UNREGISTERED_IANA_SCHEME in SCHEME: The scheme name does not have a "-" in it, but is not in the IANA registry. (Last updated from the registry January 2006)
11:17:45 WARN  andlerFactory$ErrorLogger.logWarning(ErrorHandlerFactory.java:92): [line: 38, col: 43] {W107} Bad URI: <map:Mapping> Code: 44/UNREGISTERED_IANA_SCHEME in SCHEME: The scheme name does not have a "-" in it, but is not in the IANA registry. (Last updated from the registry January 2006)
11:17:45 WARN  andlerFactory$ErrorLogger.logWarning(ErrorHandlerFactory.java:92): [line: 40, col: 49] {W107} Bad URI: <foaf:Organization> Code: 44/UNREGISTERED_IANA_SCHEME in SCHEME: The scheme name does not have a "-" in it, but is not in the IANA registry. (Last updated from the registry January 2006)
11:17:45 WARN  andlerFactory$ErrorLogger.logWarning(ErrorHandlerFactory.java:92): [line: 45, col: 43] {W107} Bad URI: <map:Mapping> Code: 44/UNREGISTERED_IANA_SCHEME in SCHEME: The scheme name does not have a "-" in it, but is not in the IANA registry. (Last updated from the registry January 2006)
11:17:45 WARN  andlerFactory$ErrorLogger.logWarning(ErrorHandlerFactory.java:92): [line: 48, col: 45] {W107} Bad URI: <foaf:Location> Code: 44/UNREGISTERED_IANA_SCHEME in SCHEME: The scheme name does not have a "-" in it, but is not in the IANA registry. (Last updated from the registry January 2006)
11:17:45 DEBUG leStoreImpl.loadMappingRulesFromFile(TDBTripleStoreImpl.java:108): [loadRules] Finished loading mapping rules from file:/home/rene/Repository/github/LODeXporter/resources/mapping.rdf
11:17:45 DEBUG BTripleStoreImpl.populateSubjectHash(TDBTripleStoreImpl.java:239): ----- SUBJECT MAPLIST: {file:///home/rene/Repository/github/LODeXporter/resources/GATEAnnoLocation=rule= file:///home/rene/Repository/github/LODeXporter/resources/GATEAnnoLocation , type= foaf:Location , GATEType= Location URI=http://semanticsoftware.info/lodexporter/, file:///home/rene/Repository/github/LODeXporter/resources/GATEAnnoOrganization=rule= file:///home/rene/Repository/github/LODeXporter/resources/GATEAnnoOrganization , type= foaf:Organization , GATEType= Organization URI=http://semanticsoftware.info/lodexporter/, file:///home/rene/Repository/github/LODeXporter/resources/GATEAnnoPerson=rule= file:///home/rene/Repository/github/LODeXporter/resources/GATEAnnoPerson , type= foaf:Person , GATEType= Person URI=http://semanticsoftware.info/lodexporter/}
11:17:45 DEBUG pleStoreImpl.populatePropertyMapList(TDBTripleStoreImpl.java:296): ----- PROPERTY HASHMAP:{file:///home/rene/Repository/github/LODeXporter/resources/GATEAnnoLocation=[rule= file:///home/rene/Repository/github/LODeXporter/resources/GATEAnnoLocation , type= http://purl.org/dc/terms/chunk , GATEType= Location GATEfeature=null GATEattribute=content], file:///home/rene/Repository/github/LODeXporter/resources/GATEAnnoPerson=[rule= file:///home/rene/Repository/github/LODeXporter/resources/GATEAnnoPerson , type= http://purl.org/dc/terms/chunk , GATEType= Person GATEfeature=null GATEattribute=content, rule= file:///home/rene/Repository/github/LODeXporter/resources/GATEAnnoPerson , type= http://purl.org/dc/terms/start , GATEType= Person GATEfeature=null GATEattribute=startOffset, rule= file:///home/rene/Repository/github/LODeXporter/resources/GATEAnnoPerson , type= http://xmlns.com/foaf/0.1/gender , GATEType= Person GATEfeature=gender GATEattribute=null]}
11:17:45 DEBUG pleStoreImpl.populateRelationMapList(TDBTripleStoreImpl.java:358): ----- RELATION HASHMAP:{}
11:17:45 INFO  r.tdb.TDBTripleStoreImpl.storeTriple(TDBTripleStoreImpl.java:474): Exported http://semanticsoftware.info/lodexporter/Corpus/null hasDocument http://home/rene/Repository/github/LODeXporter/test/resources
11:17:45 DEBUG ticsoftware.lodexporter.LODeXporter.execute(LODeXporter.java:382): Mapping Location with props: [rule= file:///home/rene/Repository/github/LODeXporter/resources/GATEAnnoLocation , type= http://purl.org/dc/terms/chunk , GATEType= Location GATEfeature=null GATEattribute=content] and relations null for rule: file:///home/rene/Repository/github/LODeXporter/resources/GATEAnnoLocation
11:17:45 DEBUG ticsoftware.lodexporter.LODeXporter.execute(LODeXporter.java:382): Mapping Organization with props: null and relations null for rule: file:///home/rene/Repository/github/LODeXporter/resources/GATEAnnoOrganization
11:17:45 DEBUG ticsoftware.lodexporter.LODeXporter.execute(LODeXporter.java:382): Mapping Person with props: [rule= file:///home/rene/Repository/github/LODeXporter/resources/GATEAnnoPerson , type= http://purl.org/dc/terms/chunk , GATEType= Person GATEfeature=null GATEattribute=content, rule= file:///home/rene/Repository/github/LODeXporter/resources/GATEAnnoPerson , type= http://purl.org/dc/terms/start , GATEType= Person GATEfeature=null GATEattribute=startOffset, rule= file:///home/rene/Repository/github/LODeXporter/resources/GATEAnnoPerson , type= http://xmlns.com/foaf/0.1/gender , GATEType= Person GATEfeature=gender GATEattribute=null] and relations null for rule: file:///home/rene/Repository/github/LODeXporter/resources/GATEAnnoPerson
11:17:46 DEBUG er.tdb.TDBTripleStoreImpl.disconnect(TDBTripleStoreImpl.java:119): [disconnect] Dataset is now: org.apache.jena.sparql.core.DatasetImpl@34144ac
11:17:46 DEBUG manticsoftware.lodexporter.LODeXporter.init(LODeXporter.java:275): LODeXporter loaded!
11:17:46 DEBUG porter.tdb.TDBTripleStoreImpl.connect(TDBTripleStoreImpl.java:98): [connect] Memory-based Dataset is now: org.apache.jena.sparql.core.DatasetImpl@51e74653
11:17:46 DEBUG manticsoftware.lodexporter.LODeXporter.init(LODeXporter.java:286): [init] created memory-backed dataset with mapping rules from file:/home/rene/Repository/github/LODeXporter/resources/mapping.rdf
11:17:46 WARN  andlerFactory$ErrorLogger.logWarning(ErrorHandlerFactory.java:92): [line: 10, col: 43] {W107} Bad URI: <map:Mapping> Code: 44/UNREGISTERED_IANA_SCHEME in SCHEME: The scheme name does not have a "-" in it, but is not in the IANA registry. (Last updated from the registry January 2006)
11:17:46 WARN  andlerFactory$ErrorLogger.logWarning(ErrorHandlerFactory.java:92): [line: 11, col: 45] {W107} Bad URI: <dcterms:chunk> Code: 44/UNREGISTERED_IANA_SCHEME in SCHEME: The scheme name does not have a "-" in it, but is not in the IANA registry. (Last updated from the registry January 2006)
11:17:46 WARN  andlerFactory$ErrorLogger.logWarning(ErrorHandlerFactory.java:92): [line: 16, col: 43] {W107} Bad URI: <map:Mapping> Code: 44/UNREGISTERED_IANA_SCHEME in SCHEME: The scheme name does not have a "-" in it, but is not in the IANA registry. (Last updated from the registry January 2006)
11:17:46 WARN  andlerFactory$ErrorLogger.logWarning(ErrorHandlerFactory.java:92): [line: 17, col: 45] {W107} Bad URI: <dcterms:start> Code: 44/UNREGISTERED_IANA_SCHEME in SCHEME: The scheme name does not have a "-" in it, but is not in the IANA registry. (Last updated from the registry January 2006)
11:17:46 WARN  andlerFactory$ErrorLogger.logWarning(ErrorHandlerFactory.java:92): [line: 22, col: 43] {W107} Bad URI: <map:Mapping> Code: 44/UNREGISTERED_IANA_SCHEME in SCHEME: The scheme name does not have a "-" in it, but is not in the IANA registry. (Last updated from the registry January 2006)
11:17:46 WARN  andlerFactory$ErrorLogger.logWarning(ErrorHandlerFactory.java:92): [line: 23, col: 43] {W107} Bad URI: <foaf:gender> Code: 44/UNREGISTERED_IANA_SCHEME in SCHEME: The scheme name does not have a "-" in it, but is not in the IANA registry. (Last updated from the registry January 2006)
11:17:46 WARN  andlerFactory$ErrorLogger.logWarning(ErrorHandlerFactory.java:92): [line: 28, col: 43] {W107} Bad URI: <map:Mapping> Code: 44/UNREGISTERED_IANA_SCHEME in SCHEME: The scheme name does not have a "-" in it, but is not in the IANA registry. (Last updated from the registry January 2006)
11:17:46 WARN  andlerFactory$ErrorLogger.logWarning(ErrorHandlerFactory.java:92): [line: 33, col: 43] {W107} Bad URI: <foaf:Person> Code: 44/UNREGISTERED_IANA_SCHEME in SCHEME: The scheme name does not have a "-" in it, but is not in the IANA registry. (Last updated from the registry January 2006)
11:17:46 WARN  andlerFactory$ErrorLogger.logWarning(ErrorHandlerFactory.java:92): [line: 38, col: 43] {W107} Bad URI: <map:Mapping> Code: 44/UNREGISTERED_IANA_SCHEME in SCHEME: The scheme name does not have a "-" in it, but is not in the IANA registry. (Last updated from the registry January 2006)
11:17:46 WARN  andlerFactory$ErrorLogger.logWarning(ErrorHandlerFactory.java:92): [line: 40, col: 49] {W107} Bad URI: <foaf:Organization> Code: 44/UNREGISTERED_IANA_SCHEME in SCHEME: The scheme name does not have a "-" in it, but is not in the IANA registry. (Last updated from the registry January 2006)
11:17:46 WARN  andlerFactory$ErrorLogger.logWarning(ErrorHandlerFactory.java:92): [line: 45, col: 43] {W107} Bad URI: <map:Mapping> Code: 44/UNREGISTERED_IANA_SCHEME in SCHEME: The scheme name does not have a "-" in it, but is not in the IANA registry. (Last updated from the registry January 2006)
11:17:46 WARN  andlerFactory$ErrorLogger.logWarning(ErrorHandlerFactory.java:92): [line: 48, col: 45] {W107} Bad URI: <foaf:Location> Code: 44/UNREGISTERED_IANA_SCHEME in SCHEME: The scheme name does not have a "-" in it, but is not in the IANA registry. (Last updated from the registry January 2006)
11:17:46 DEBUG leStoreImpl.loadMappingRulesFromFile(TDBTripleStoreImpl.java:108): [loadRules] Finished loading mapping rules from file:/home/rene/Repository/github/LODeXporter/resources/mapping.rdf
11:17:46 DEBUG BTripleStoreImpl.populateSubjectHash(TDBTripleStoreImpl.java:239): ----- SUBJECT MAPLIST: {file:///home/rene/Repository/github/LODeXporter/resources/GATEAnnoLocation=rule= file:///home/rene/Repository/github/LODeXporter/resources/GATEAnnoLocation , type= foaf:Location , GATEType= Location URI=http://semanticsoftware.info/lodexporter/, file:///home/rene/Repository/github/LODeXporter/resources/GATEAnnoOrganization=rule= file:///home/rene/Repository/github/LODeXporter/resources/GATEAnnoOrganization , type= foaf:Organization , GATEType= Organization URI=http://semanticsoftware.info/lodexporter/, file:///home/rene/Repository/github/LODeXporter/resources/GATEAnnoPerson=rule= file:///home/rene/Repository/github/LODeXporter/resources/GATEAnnoPerson , type= foaf:Person , GATEType= Person URI=http://semanticsoftware.info/lodexporter/}
11:17:46 DEBUG pleStoreImpl.populatePropertyMapList(TDBTripleStoreImpl.java:296): ----- PROPERTY HASHMAP:{file:///home/rene/Repository/github/LODeXporter/resources/GATEAnnoLocation=[rule= file:///home/rene/Repository/github/LODeXporter/resources/GATEAnnoLocation , type= http://purl.org/dc/terms/chunk , GATEType= Location GATEfeature=null GATEattribute=content], file:///home/rene/Repository/github/LODeXporter/resources/GATEAnnoPerson=[rule= file:///home/rene/Repository/github/LODeXporter/resources/GATEAnnoPerson , type= http://purl.org/dc/terms/chunk , GATEType= Person GATEfeature=null GATEattribute=content, rule= file:///home/rene/Repository/github/LODeXporter/resources/GATEAnnoPerson , type= http://purl.org/dc/terms/start , GATEType= Person GATEfeature=null GATEattribute=startOffset, rule= file:///home/rene/Repository/github/LODeXporter/resources/GATEAnnoPerson , type= http://xmlns.com/foaf/0.1/gender , GATEType= Person GATEfeature=gender GATEattribute=null]}
11:17:46 DEBUG pleStoreImpl.populateRelationMapList(TDBTripleStoreImpl.java:358): ----- RELATION HASHMAP:{}
11:17:46 DEBUG manticsoftware.lodexporter.LODeXporter.init(LODeXporter.java:275): LODeXporter loaded!
11:17:46 DEBUG manticsoftware.lodexporter.LODeXporter.init(LODeXporter.java:275): LODeXporter loaded!
11:17:46 DEBUG porter.tdb.TDBTripleStoreImpl.connect(TDBTripleStoreImpl.java:98): [connect] Memory-based Dataset is now: org.apache.jena.sparql.core.DatasetImpl@57ae95ca
11:17:46 DEBUG manticsoftware.lodexporter.LODeXporter.init(LODeXporter.java:286): [init] created memory-backed dataset with mapping rules from file:/home/rene/Repository/github/LODeXporter/resources/mapping.rdf
11:17:46 WARN  andlerFactory$ErrorLogger.logWarning(ErrorHandlerFactory.java:92): [line: 10, col: 43] {W107} Bad URI: <map:Mapping> Code: 44/UNREGISTERED_IANA_SCHEME in SCHEME: The scheme name does not have a "-" in it, but is not in the IANA registry. (Last updated from the registry January 2006)
11:17:46 WARN  andlerFactory$ErrorLogger.logWarning(ErrorHandlerFactory.java:92): [line: 11, col: 45] {W107} Bad URI: <dcterms:chunk> Code: 44/UNREGISTERED_IANA_SCHEME in SCHEME: The scheme name does not have a "-" in it, but is not in the IANA registry. (Last updated from the registry January 2006)
11:17:46 WARN  andlerFactory$ErrorLogger.logWarning(ErrorHandlerFactory.java:92): [line: 16, col: 43] {W107} Bad URI: <map:Mapping> Code: 44/UNREGISTERED_IANA_SCHEME in SCHEME: The scheme name does not have a "-" in it, but is not in the IANA registry. (Last updated from the registry January 2006)
11:17:46 WARN  andlerFactory$ErrorLogger.logWarning(ErrorHandlerFactory.java:92): [line: 17, col: 45] {W107} Bad URI: <dcterms:start> Code: 44/UNREGISTERED_IANA_SCHEME in SCHEME: The scheme name does not have a "-" in it, but is not in the IANA registry. (Last updated from the registry January 2006)
11:17:46 WARN  andlerFactory$ErrorLogger.logWarning(ErrorHandlerFactory.java:92): [line: 22, col: 43] {W107} Bad URI: <map:Mapping> Code: 44/UNREGISTERED_IANA_SCHEME in SCHEME: The scheme name does not have a "-" in it, but is not in the IANA registry. (Last updated from the registry January 2006)
11:17:46 WARN  andlerFactory$ErrorLogger.logWarning(ErrorHandlerFactory.java:92): [line: 23, col: 43] {W107} Bad URI: <foaf:gender> Code: 44/UNREGISTERED_IANA_SCHEME in SCHEME: The scheme name does not have a "-" in it, but is not in the IANA registry. (Last updated from the registry January 2006)
11:17:46 WARN  andlerFactory$ErrorLogger.logWarning(ErrorHandlerFactory.java:92): [line: 28, col: 43] {W107} Bad URI: <map:Mapping> Code: 44/UNREGISTERED_IANA_SCHEME in SCHEME: The scheme name does not have a "-" in it, but is not in the IANA registry. (Last updated from the registry January 2006)
11:17:46 WARN  andlerFactory$ErrorLogger.logWarning(ErrorHandlerFactory.java:92): [line: 33, col: 43] {W107} Bad URI: <foaf:Person> Code: 44/UNREGISTERED_IANA_SCHEME in SCHEME: The scheme name does not have a "-" in it, but is not in the IANA registry. (Last updated from the registry January 2006)
11:17:46 WARN  andlerFactory$ErrorLogger.logWarning(ErrorHandlerFactory.java:92): [line: 38, col: 43] {W107} Bad URI: <map:Mapping> Code: 44/UNREGISTERED_IANA_SCHEME in SCHEME: The scheme name does not have a "-" in it, but is not in the IANA registry. (Last updated from the registry January 2006)
11:17:46 WARN  andlerFactory$ErrorLogger.logWarning(ErrorHandlerFactory.java:92): [line: 40, col: 49] {W107} Bad URI: <foaf:Organization> Code: 44/UNREGISTERED_IANA_SCHEME in SCHEME: The scheme name does not have a "-" in it, but is not in the IANA registry. (Last updated from the registry January 2006)
11:17:46 WARN  andlerFactory$ErrorLogger.logWarning(ErrorHandlerFactory.java:92): [line: 45, col: 43] {W107} Bad URI: <map:Mapping> Code: 44/UNREGISTERED_IANA_SCHEME in SCHEME: The scheme name does not have a "-" in it, but is not in the IANA registry. (Last updated from the registry January 2006)
11:17:46 WARN  andlerFactory$ErrorLogger.logWarning(ErrorHandlerFactory.java:92): [line: 48, col: 45] {W107} Bad URI: <foaf:Location> Code: 44/UNREGISTERED_IANA_SCHEME in SCHEME: The scheme name does not have a "-" in it, but is not in the IANA registry. (Last updated from the registry January 2006)
11:17:46 DEBUG leStoreImpl.loadMappingRulesFromFile(TDBTripleStoreImpl.java:108): [loadRules] Finished loading mapping rules from file:/home/rene/Repository/github/LODeXporter/resources/mapping.rdf
11:17:46 DEBUG BTripleStoreImpl.populateSubjectHash(TDBTripleStoreImpl.java:239): ----- SUBJECT MAPLIST: {file:///home/rene/Repository/github/LODeXporter/resources/GATEAnnoLocation=rule= file:///home/rene/Repository/github/LODeXporter/resources/GATEAnnoLocation , type= foaf:Location , GATEType= Location URI=http://semanticsoftware.info/lodexporter/, file:///home/rene/Repository/github/LODeXporter/resources/GATEAnnoOrganization=rule= file:///home/rene/Repository/github/LODeXporter/resources/GATEAnnoOrganization , type= foaf:Organization , GATEType= Organization URI=http://semanticsoftware.info/lodexporter/, file:///home/rene/Repository/github/LODeXporter/resources/GATEAnnoPerson=rule= file:///home/rene/Repository/github/LODeXporter/resources/GATEAnnoPerson , type= foaf:Person , GATEType= Person URI=http://semanticsoftware.info/lodexporter/}
11:17:46 DEBUG pleStoreImpl.populatePropertyMapList(TDBTripleStoreImpl.java:296): ----- PROPERTY HASHMAP:{file:///home/rene/Repository/github/LODeXporter/resources/GATEAnnoLocation=[rule= file:///home/rene/Repository/github/LODeXporter/resources/GATEAnnoLocation , type= http://purl.org/dc/terms/chunk , GATEType= Location GATEfeature=null GATEattribute=content], file:///home/rene/Repository/github/LODeXporter/resources/GATEAnnoPerson=[rule= file:///home/rene/Repository/github/LODeXporter/resources/GATEAnnoPerson , type= http://purl.org/dc/terms/chunk , GATEType= Person GATEfeature=null GATEattribute=content, rule= file:///home/rene/Repository/github/LODeXporter/resources/GATEAnnoPerson , type= http://purl.org/dc/terms/start , GATEType= Person GATEfeature=null GATEattribute=startOffset, rule= file:///home/rene/Repository/github/LODeXporter/resources/GATEAnnoPerson , type= http://xmlns.com/foaf/0.1/gender , GATEType= Person GATEfeature=gender GATEattribute=null]}
11:17:46 DEBUG pleStoreImpl.populateRelationMapList(TDBTripleStoreImpl.java:358): ----- RELATION HASHMAP:{}
11:17:46 DEBUG rter.LODeXporterTest.testGetMappingFile(LODeXporterTest.java:160): file:/home/rene/Repository/github/LODeXporter/resources/mapping.rdf
11:17:46 DEBUG manticsoftware.lodexporter.LODeXporter.init(LODeXporter.java:275): LODeXporter loaded!
11:17:46 DEBUG porter.tdb.TDBTripleStoreImpl.connect(TDBTripleStoreImpl.java:98): [connect] Memory-based Dataset is now: org.apache.jena.sparql.core.DatasetImpl@5e039b4c
11:17:46 DEBUG manticsoftware.lodexporter.LODeXporter.init(LODeXporter.java:286): [init] created memory-backed dataset with mapping rules from file:/home/rene/Repository/github/LODeXporter/resources/mapping.rdf
11:17:46 WARN  andlerFactory$ErrorLogger.logWarning(ErrorHandlerFactory.java:92): [line: 10, col: 43] {W107} Bad URI: <map:Mapping> Code: 44/UNREGISTERED_IANA_SCHEME in SCHEME: The scheme name does not have a "-" in it, but is not in the IANA registry. (Last updated from the registry January 2006)
11:17:46 WARN  andlerFactory$ErrorLogger.logWarning(ErrorHandlerFactory.java:92): [line: 11, col: 45] {W107} Bad URI: <dcterms:chunk> Code: 44/UNREGISTERED_IANA_SCHEME in SCHEME: The scheme name does not have a "-" in it, but is not in the IANA registry. (Last updated from the registry January 2006)
11:17:46 WARN  andlerFactory$ErrorLogger.logWarning(ErrorHandlerFactory.java:92): [line: 16, col: 43] {W107} Bad URI: <map:Mapping> Code: 44/UNREGISTERED_IANA_SCHEME in SCHEME: The scheme name does not have a "-" in it, but is not in the IANA registry. (Last updated from the registry January 2006)
11:17:46 WARN  andlerFactory$ErrorLogger.logWarning(ErrorHandlerFactory.java:92): [line: 17, col: 45] {W107} Bad URI: <dcterms:start> Code: 44/UNREGISTERED_IANA_SCHEME in SCHEME: The scheme name does not have a "-" in it, but is not in the IANA registry. (Last updated from the registry January 2006)
11:17:46 WARN  andlerFactory$ErrorLogger.logWarning(ErrorHandlerFactory.java:92): [line: 22, col: 43] {W107} Bad URI: <map:Mapping> Code: 44/UNREGISTERED_IANA_SCHEME in SCHEME: The scheme name does not have a "-" in it, but is not in the IANA registry. (Last updated from the registry January 2006)
11:17:46 WARN  andlerFactory$ErrorLogger.logWarning(ErrorHandlerFactory.java:92): [line: 23, col: 43] {W107} Bad URI: <foaf:gender> Code: 44/UNREGISTERED_IANA_SCHEME in SCHEME: The scheme name does not have a "-" in it, but is not in the IANA registry. (Last updated from the registry January 2006)
11:17:46 WARN  andlerFactory$ErrorLogger.logWarning(ErrorHandlerFactory.java:92): [line: 28, col: 43] {W107} Bad URI: <map:Mapping> Code: 44/UNREGISTERED_IANA_SCHEME in SCHEME: The scheme name does not have a "-" in it, but is not in the IANA registry. (Last updated from the registry January 2006)
11:17:46 WARN  andlerFactory$ErrorLogger.logWarning(ErrorHandlerFactory.java:92): [line: 33, col: 43] {W107} Bad URI: <foaf:Person> Code: 44/UNREGISTERED_IANA_SCHEME in SCHEME: The scheme name does not have a "-" in it, but is not in the IANA registry. (Last updated from the registry January 2006)
11:17:46 WARN  andlerFactory$ErrorLogger.logWarning(ErrorHandlerFactory.java:92): [line: 38, col: 43] {W107} Bad URI: <map:Mapping> Code: 44/UNREGISTERED_IANA_SCHEME in SCHEME: The scheme name does not have a "-" in it, but is not in the IANA registry. (Last updated from the registry January 2006)
11:17:46 WARN  andlerFactory$ErrorLogger.logWarning(ErrorHandlerFactory.java:92): [line: 40, col: 49] {W107} Bad URI: <foaf:Organization> Code: 44/UNREGISTERED_IANA_SCHEME in SCHEME: The scheme name does not have a "-" in it, but is not in the IANA registry. (Last updated from the registry January 2006)
11:17:46 WARN  andlerFactory$ErrorLogger.logWarning(ErrorHandlerFactory.java:92): [line: 45, col: 43] {W107} Bad URI: <map:Mapping> Code: 44/UNREGISTERED_IANA_SCHEME in SCHEME: The scheme name does not have a "-" in it, but is not in the IANA registry. (Last updated from the registry January 2006)
11:17:46 WARN  andlerFactory$ErrorLogger.logWarning(ErrorHandlerFactory.java:92): [line: 48, col: 45] {W107} Bad URI: <foaf:Location> Code: 44/UNREGISTERED_IANA_SCHEME in SCHEME: The scheme name does not have a "-" in it, but is not in the IANA registry. (Last updated from the registry January 2006)
11:17:46 DEBUG leStoreImpl.loadMappingRulesFromFile(TDBTripleStoreImpl.java:108): [loadRules] Finished loading mapping rules from file:/home/rene/Repository/github/LODeXporter/resources/mapping.rdf
11:17:46 DEBUG BTripleStoreImpl.populateSubjectHash(TDBTripleStoreImpl.java:239): ----- SUBJECT MAPLIST: {file:///home/rene/Repository/github/LODeXporter/resources/GATEAnnoLocation=rule= file:///home/rene/Repository/github/LODeXporter/resources/GATEAnnoLocation , type= foaf:Location , GATEType= Location URI=http://semanticsoftware.info/lodexporter/, file:///home/rene/Repository/github/LODeXporter/resources/GATEAnnoOrganization=rule= file:///home/rene/Repository/github/LODeXporter/resources/GATEAnnoOrganization , type= foaf:Organization , GATEType= Organization URI=http://semanticsoftware.info/lodexporter/, file:///home/rene/Repository/github/LODeXporter/resources/GATEAnnoPerson=rule= file:///home/rene/Repository/github/LODeXporter/resources/GATEAnnoPerson , type= foaf:Person , GATEType= Person URI=http://semanticsoftware.info/lodexporter/}
11:17:46 DEBUG pleStoreImpl.populatePropertyMapList(TDBTripleStoreImpl.java:296): ----- PROPERTY HASHMAP:{file:///home/rene/Repository/github/LODeXporter/resources/GATEAnnoLocation=[rule= file:///home/rene/Repository/github/LODeXporter/resources/GATEAnnoLocation , type= http://purl.org/dc/terms/chunk , GATEType= Location GATEfeature=null GATEattribute=content], file:///home/rene/Repository/github/LODeXporter/resources/GATEAnnoPerson=[rule= file:///home/rene/Repository/github/LODeXporter/resources/GATEAnnoPerson , type= http://purl.org/dc/terms/chunk , GATEType= Person GATEfeature=null GATEattribute=content, rule= file:///home/rene/Repository/github/LODeXporter/resources/GATEAnnoPerson , type= http://purl.org/dc/terms/start , GATEType= Person GATEfeature=null GATEattribute=startOffset, rule= file:///home/rene/Repository/github/LODeXporter/resources/GATEAnnoPerson , type= http://xmlns.com/foaf/0.1/gender , GATEType= Person GATEfeature=gender GATEattribute=null]}
11:17:46 DEBUG pleStoreImpl.populateRelationMapList(TDBTripleStoreImpl.java:358): ----- RELATION HASHMAP:{}
11:17:46 DEBUG er.tdb.TDBTripleStoreImpl.disconnect(TDBTripleStoreImpl.java:119): [disconnect] Dataset is now: org.apache.jena.sparql.core.DatasetImpl@5e039b4c
11:17:46 DEBUG manticsoftware.lodexporter.LODeXporter.init(LODeXporter.java:275): LODeXporter loaded!
11:17:46 DEBUG porter.tdb.TDBTripleStoreImpl.connect(TDBTripleStoreImpl.java:98): [connect] Memory-based Dataset is now: org.apache.jena.sparql.core.DatasetImpl@53682316
11:17:46 DEBUG manticsoftware.lodexporter.LODeXporter.init(LODeXporter.java:286): [init] created memory-backed dataset with mapping rules from file:/home/rene/Repository/github/LODeXporter/resources/mapping.rdf
11:17:46 WARN  andlerFactory$ErrorLogger.logWarning(ErrorHandlerFactory.java:92): [line: 10, col: 43] {W107} Bad URI: <map:Mapping> Code: 44/UNREGISTERED_IANA_SCHEME in SCHEME: The scheme name does not have a "-" in it, but is not in the IANA registry. (Last updated from the registry January 2006)
11:17:46 WARN  andlerFactory$ErrorLogger.logWarning(ErrorHandlerFactory.java:92): [line: 11, col: 45] {W107} Bad URI: <dcterms:chunk> Code: 44/UNREGISTERED_IANA_SCHEME in SCHEME: The scheme name does not have a "-" in it, but is not in the IANA registry. (Last updated from the registry January 2006)
11:17:46 WARN  andlerFactory$ErrorLogger.logWarning(ErrorHandlerFactory.java:92): [line: 16, col: 43] {W107} Bad URI: <map:Mapping> Code: 44/UNREGISTERED_IANA_SCHEME in SCHEME: The scheme name does not have a "-" in it, but is not in the IANA registry. (Last updated from the registry January 2006)
11:17:46 WARN  andlerFactory$ErrorLogger.logWarning(ErrorHandlerFactory.java:92): [line: 17, col: 45] {W107} Bad URI: <dcterms:start> Code: 44/UNREGISTERED_IANA_SCHEME in SCHEME: The scheme name does not have a "-" in it, but is not in the IANA registry. (Last updated from the registry January 2006)
11:17:46 WARN  andlerFactory$ErrorLogger.logWarning(ErrorHandlerFactory.java:92): [line: 22, col: 43] {W107} Bad URI: <map:Mapping> Code: 44/UNREGISTERED_IANA_SCHEME in SCHEME: The scheme name does not have a "-" in it, but is not in the IANA registry. (Last updated from the registry January 2006)
11:17:46 WARN  andlerFactory$ErrorLogger.logWarning(ErrorHandlerFactory.java:92): [line: 23, col: 43] {W107} Bad URI: <foaf:gender> Code: 44/UNREGISTERED_IANA_SCHEME in SCHEME: The scheme name does not have a "-" in it, but is not in the IANA registry. (Last updated from the registry January 2006)
11:17:46 WARN  andlerFactory$ErrorLogger.logWarning(ErrorHandlerFactory.java:92): [line: 28, col: 43] {W107} Bad URI: <map:Mapping> Code: 44/UNREGISTERED_IANA_SCHEME in SCHEME: The scheme name does not have a "-" in it, but is not in the IANA registry. (Last updated from the registry January 2006)
11:17:46 WARN  andlerFactory$ErrorLogger.logWarning(ErrorHandlerFactory.java:92): [line: 33, col: 43] {W107} Bad URI: <foaf:Person> Code: 44/UNREGISTERED_IANA_SCHEME in SCHEME: The scheme name does not have a "-" in it, but is not in the IANA registry. (Last updated from the registry January 2006)
11:17:46 WARN  andlerFactory$ErrorLogger.logWarning(ErrorHandlerFactory.java:92): [line: 38, col: 43] {W107} Bad URI: <map:Mapping> Code: 44/UNREGISTERED_IANA_SCHEME in SCHEME: The scheme name does not have a "-" in it, but is not in the IANA registry. (Last updated from the registry January 2006)
11:17:46 WARN  andlerFactory$ErrorLogger.logWarning(ErrorHandlerFactory.java:92): [line: 40, col: 49] {W107} Bad URI: <foaf:Organization> Code: 44/UNREGISTERED_IANA_SCHEME in SCHEME: The scheme name does not have a "-" in it, but is not in the IANA registry. (Last updated from the registry January 2006)
11:17:46 WARN  andlerFactory$ErrorLogger.logWarning(ErrorHandlerFactory.java:92): [line: 45, col: 43] {W107} Bad URI: <map:Mapping> Code: 44/UNREGISTERED_IANA_SCHEME in SCHEME: The scheme name does not have a "-" in it, but is not in the IANA registry. (Last updated from the registry January 2006)
11:17:46 WARN  andlerFactory$ErrorLogger.logWarning(ErrorHandlerFactory.java:92): [line: 48, col: 45] {W107} Bad URI: <foaf:Location> Code: 44/UNREGISTERED_IANA_SCHEME in SCHEME: The scheme name does not have a "-" in it, but is not in the IANA registry. (Last updated from the registry January 2006)
11:17:46 DEBUG leStoreImpl.loadMappingRulesFromFile(TDBTripleStoreImpl.java:108): [loadRules] Finished loading mapping rules from file:/home/rene/Repository/github/LODeXporter/resources/mapping.rdf
11:17:46 DEBUG BTripleStoreImpl.populateSubjectHash(TDBTripleStoreImpl.java:239): ----- SUBJECT MAPLIST: {file:///home/rene/Repository/github/LODeXporter/resources/GATEAnnoLocation=rule= file:///home/rene/Repository/github/LODeXporter/resources/GATEAnnoLocation , type= foaf:Location , GATEType= Location URI=http://semanticsoftware.info/lodexporter/, file:///home/rene/Repository/github/LODeXporter/resources/GATEAnnoOrganization=rule= file:///home/rene/Repository/github/LODeXporter/resources/GATEAnnoOrganization , type= foaf:Organization , GATEType= Organization URI=http://semanticsoftware.info/lodexporter/, file:///home/rene/Repository/github/LODeXporter/resources/GATEAnnoPerson=rule= file:///home/rene/Repository/github/LODeXporter/resources/GATEAnnoPerson , type= foaf:Person , GATEType= Person URI=http://semanticsoftware.info/lodexporter/}
11:17:46 DEBUG pleStoreImpl.populatePropertyMapList(TDBTripleStoreImpl.java:296): ----- PROPERTY HASHMAP:{file:///home/rene/Repository/github/LODeXporter/resources/GATEAnnoLocation=[rule= file:///home/rene/Repository/github/LODeXporter/resources/GATEAnnoLocation , type= http://purl.org/dc/terms/chunk , GATEType= Location GATEfeature=null GATEattribute=content], file:///home/rene/Repository/github/LODeXporter/resources/GATEAnnoPerson=[rule= file:///home/rene/Repository/github/LODeXporter/resources/GATEAnnoPerson , type= http://purl.org/dc/terms/chunk , GATEType= Person GATEfeature=null GATEattribute=content, rule= file:///home/rene/Repository/github/LODeXporter/resources/GATEAnnoPerson , type= http://purl.org/dc/terms/start , GATEType= Person GATEfeature=null GATEattribute=startOffset, rule= file:///home/rene/Repository/github/LODeXporter/resources/GATEAnnoPerson , type= http://xmlns.com/foaf/0.1/gender , GATEType= Person GATEfeature=gender GATEattribute=null]}
11:17:46 DEBUG pleStoreImpl.populateRelationMapList(TDBTripleStoreImpl.java:358): ----- RELATION HASHMAP:{}
]]></system-out>
  <system-err><![CDATA[]]></system-err>
</testsuite>
